  sqstdsystem.cpp
sqstdsystem.cpp(27): warning C4996: '_wgetenv': This function or variable may be unsafe. Consider using _wdupenv_s instead. To disable deprecation, use _CRT_SECURE_NO_WARNINGS. See online help for details.
  C:\Program Files (x86)\Windows Kits\10\Include\10.0.10240.0\ucrt\corecrt_wstdlib.h(416): note: see declaration of '_wgetenv'
sqstdsystem.cpp(102): warning C4996: 'gmtime': This function or variable may be unsafe. Consider using gmtime_s instead. To disable deprecation, use _CRT_SECURE_NO_WARNINGS. See online help for details.
  C:\Program Files (x86)\Windows Kits\10\Include\10.0.10240.0\ucrt\time.h(495): note: see declaration of 'gmtime'
sqstdsystem.cpp(104): warning C4996: 'localtime': This function or variable may be unsafe. Consider using localtime_s instead. To disable deprecation, use _CRT_SECURE_NO_WARNINGS. See online help for details.
  C:\Program Files (x86)\Windows Kits\10\Include\10.0.10240.0\ucrt\time.h(505): note: see declaration of 'localtime'
  sqstdstring.cpp
sqstdstring.cpp(138): warning C4996: 'swprintf': function has been changed to conform with the ISO C standard, adding an extra character count parameter. To use the traditional Microsoft version, set _CRT_NON_CONFORMING_SWPRINTFS.
  C:\Program Files (x86)\Windows Kits\10\Include\10.0.10240.0\ucrt\corecrt_wstdio.h(1820): note: see declaration of 'swprintf'
sqstdstring.cpp(139): warning C4996: 'swprintf': function has been changed to conform with the ISO C standard, adding an extra character count parameter. To use the traditional Microsoft version, set _CRT_NON_CONFORMING_SWPRINTFS.
  C:\Program Files (x86)\Windows Kits\10\Include\10.0.10240.0\ucrt\corecrt_wstdio.h(1820): note: see declaration of 'swprintf'
sqstdstring.cpp(140): warning C4996: 'swprintf': function has been changed to conform with the ISO C standard, adding an extra character count parameter. To use the traditional Microsoft version, set _CRT_NON_CONFORMING_SWPRINTFS.
  C:\Program Files (x86)\Windows Kits\10\Include\10.0.10240.0\ucrt\corecrt_wstdio.h(1820): note: see declaration of 'swprintf'
sqstdstring.cpp(219): warning C4996: 'wcstok': wcstok has been changed to conform with the ISO C standard, adding an extra context parameter. To use the legacy Microsoft wcstok, define _CRT_NON_CONFORMING_WCSTOK.
  C:\Program Files (x86)\Windows Kits\10\Include\10.0.10240.0\ucrt\corecrt_wstring.h(254): note: see declaration of 'wcstok'
sqstdstring.cpp(224): warning C4996: 'wcstok': wcstok has been changed to conform with the ISO C standard, adding an extra context parameter. To use the legacy Microsoft wcstok, define _CRT_NON_CONFORMING_WCSTOK.
  C:\Program Files (x86)\Windows Kits\10\Include\10.0.10240.0\ucrt\corecrt_wstring.h(254): note: see declaration of 'wcstok'
  sqstdstream.cpp
  sqstdrex.cpp
  sqstdmath.cpp
  sqstdio.cpp
sqstdio.cpp(15): warning C4996: '_wfopen': This function or variable may be unsafe. Consider using _wfopen_s instead. To disable deprecation, use _CRT_SECURE_NO_WARNINGS. See online help for details.
  C:\Program Files (x86)\Windows Kits\10\Include\10.0.10240.0\ucrt\corecrt_wstdio.h(129): note: see declaration of '_wfopen'
  sqstdblob.cpp
  sqstdaux.cpp
  Generating Code...
  libsqstdlib.vcxproj -> C:\Users\Xevi\Documents\SQUIRREL3\exs\Debug\libsqstdlib.lib
