c:\users\xevi\documents\squirrel3\squirrel\debug\libsquirrel.pdb
c:\users\xevi\documents\squirrel3\squirrel\debug\libsquirrel.idb
c:\users\xevi\documents\squirrel3\squirrel\debug\sqapi.obj
c:\users\xevi\documents\squirrel3\squirrel\debug\sqbaselib.obj
c:\users\xevi\documents\squirrel3\squirrel\debug\sqclass.obj
c:\users\xevi\documents\squirrel3\squirrel\debug\sqcompiler.obj
c:\users\xevi\documents\squirrel3\squirrel\debug\sqdebug.obj
c:\users\xevi\documents\squirrel3\squirrel\debug\sqfuncstate.obj
c:\users\xevi\documents\squirrel3\squirrel\debug\sqlexer.obj
c:\users\xevi\documents\squirrel3\squirrel\debug\sqmem.obj
c:\users\xevi\documents\squirrel3\squirrel\debug\sqobject.obj
c:\users\xevi\documents\squirrel3\squirrel\debug\sqstate.obj
c:\users\xevi\documents\squirrel3\squirrel\debug\sqtable.obj
c:\users\xevi\documents\squirrel3\squirrel\debug\sqvm.obj
c:\users\xevi\documents\squirrel3\exs\debug\libsquirrel.lib
c:\users\xevi\documents\squirrel3\squirrel\debug\libsquirrel.tlog\cl.command.1.tlog
c:\users\xevi\documents\squirrel3\squirrel\debug\libsquirrel.tlog\cl.read.1.tlog
c:\users\xevi\documents\squirrel3\squirrel\debug\libsquirrel.tlog\cl.write.1.tlog
c:\users\xevi\documents\squirrel3\squirrel\debug\libsquirrel.tlog\lib-link.read.1.tlog
c:\users\xevi\documents\squirrel3\squirrel\debug\libsquirrel.tlog\lib-link.write.1.tlog
c:\users\xevi\documents\squirrel3\squirrel\debug\libsquirrel.tlog\lib.command.1.tlog
