  sqvm.cpp
C:\Users\Xevi\Documents\SQUIRREL3\include\squirrel.h(110): warning C4005: 'SQUNICODE': macro redefinition
  C:\Users\Xevi\Documents\SQUIRREL3\include\squirrel.h(110): note: command-line arguments:  see previous definition of 'SQUNICODE'
sqvm.cpp(285): warning C4996: 'swprintf': function has been changed to conform with the ISO C standard, adding an extra character count parameter. To use the traditional Microsoft version, set _CRT_NON_CONFORMING_SWPRINTFS.
  C:\Program Files (x86)\Windows Kits\10\Include\10.0.10240.0\ucrt\corecrt_wstdio.h(1820): note: see declaration of 'swprintf'
sqvm.cpp(288): warning C4996: 'swprintf': function has been changed to conform with the ISO C standard, adding an extra character count parameter. To use the traditional Microsoft version, set _CRT_NON_CONFORMING_SWPRINTFS.
  C:\Program Files (x86)\Windows Kits\10\Include\10.0.10240.0\ucrt\corecrt_wstdio.h(1820): note: see declaration of 'swprintf'
sqvm.cpp(291): warning C4996: 'swprintf': function has been changed to conform with the ISO C standard, adding an extra character count parameter. To use the traditional Microsoft version, set _CRT_NON_CONFORMING_SWPRINTFS.
  C:\Program Files (x86)\Windows Kits\10\Include\10.0.10240.0\ucrt\corecrt_wstdio.h(1820): note: see declaration of 'swprintf'
sqvm.cpp(310): warning C4996: 'swprintf': function has been changed to conform with the ISO C standard, adding an extra character count parameter. To use the traditional Microsoft version, set _CRT_NON_CONFORMING_SWPRINTFS.
  C:\Program Files (x86)\Windows Kits\10\Include\10.0.10240.0\ucrt\corecrt_wstdio.h(1820): note: see declaration of 'swprintf'
  sqtable.cpp
C:\Users\Xevi\Documents\SQUIRREL3\include\squirrel.h(110): warning C4005: 'SQUNICODE': macro redefinition
  C:\Users\Xevi\Documents\SQUIRREL3\include\squirrel.h(110): note: command-line arguments:  see previous definition of 'SQUNICODE'
  sqstate.cpp
C:\Users\Xevi\Documents\SQUIRREL3\include\squirrel.h(110): warning C4005: 'SQUNICODE': macro redefinition
  C:\Users\Xevi\Documents\SQUIRREL3\include\squirrel.h(110): note: command-line arguments:  see previous definition of 'SQUNICODE'
  sqobject.cpp
C:\Users\Xevi\Documents\SQUIRREL3\include\squirrel.h(110): warning C4005: 'SQUNICODE': macro redefinition
  C:\Users\Xevi\Documents\SQUIRREL3\include\squirrel.h(110): note: command-line arguments:  see previous definition of 'SQUNICODE'
  sqmem.cpp
C:\Users\Xevi\Documents\SQUIRREL3\include\squirrel.h(110): warning C4005: 'SQUNICODE': macro redefinition
  C:\Users\Xevi\Documents\SQUIRREL3\include\squirrel.h(110): note: command-line arguments:  see previous definition of 'SQUNICODE'
  sqlexer.cpp
C:\Users\Xevi\Documents\SQUIRREL3\include\squirrel.h(110): warning C4005: 'SQUNICODE': macro redefinition
  C:\Users\Xevi\Documents\SQUIRREL3\include\squirrel.h(110): note: command-line arguments:  see previous definition of 'SQUNICODE'
  sqfuncstate.cpp
C:\Users\Xevi\Documents\SQUIRREL3\include\squirrel.h(110): warning C4005: 'SQUNICODE': macro redefinition
  C:\Users\Xevi\Documents\SQUIRREL3\include\squirrel.h(110): note: command-line arguments:  see previous definition of 'SQUNICODE'
  sqdebug.cpp
C:\Users\Xevi\Documents\SQUIRREL3\include\squirrel.h(110): warning C4005: 'SQUNICODE': macro redefinition
  C:\Users\Xevi\Documents\SQUIRREL3\include\squirrel.h(110): note: command-line arguments:  see previous definition of 'SQUNICODE'
sqdebug.cpp(78): warning C4996: 'swprintf': function has been changed to conform with the ISO C standard, adding an extra character count parameter. To use the traditional Microsoft version, set _CRT_NON_CONFORMING_SWPRINTFS.
  C:\Program Files (x86)\Windows Kits\10\Include\10.0.10240.0\ucrt\corecrt_wstdio.h(1820): note: see declaration of 'swprintf'
sqdebug.cpp(82): warning C4996: 'swprintf': function has been changed to conform with the ISO C standard, adding an extra character count parameter. To use the traditional Microsoft version, set _CRT_NON_CONFORMING_SWPRINTFS.
  C:\Program Files (x86)\Windows Kits\10\Include\10.0.10240.0\ucrt\corecrt_wstdio.h(1820): note: see declaration of 'swprintf'
  sqcompiler.cpp
C:\Users\Xevi\Documents\SQUIRREL3\include\squirrel.h(110): warning C4005: 'SQUNICODE': macro redefinition
  C:\Users\Xevi\Documents\SQUIRREL3\include\squirrel.h(110): note: command-line arguments:  see previous definition of 'SQUNICODE'
  sqclass.cpp
C:\Users\Xevi\Documents\SQUIRREL3\include\squirrel.h(110): warning C4005: 'SQUNICODE': macro redefinition
  C:\Users\Xevi\Documents\SQUIRREL3\include\squirrel.h(110): note: command-line arguments:  see previous definition of 'SQUNICODE'
  sqbaselib.cpp
C:\Users\Xevi\Documents\SQUIRREL3\include\squirrel.h(110): warning C4005: 'SQUNICODE': macro redefinition
  C:\Users\Xevi\Documents\SQUIRREL3\include\squirrel.h(110): note: command-line arguments:  see previous definition of 'SQUNICODE'
  sqapi.cpp
C:\Users\Xevi\Documents\SQUIRREL3\include\squirrel.h(110): warning C4005: 'SQUNICODE': macro redefinition
  C:\Users\Xevi\Documents\SQUIRREL3\include\squirrel.h(110): note: command-line arguments:  see previous definition of 'SQUNICODE'
sqapi.cpp(37): warning C4996: 'swprintf': function has been changed to conform with the ISO C standard, adding an extra character count parameter. To use the traditional Microsoft version, set _CRT_NON_CONFORMING_SWPRINTFS.
  C:\Program Files (x86)\Windows Kits\10\Include\10.0.10240.0\ucrt\corecrt_wstdio.h(1820): note: see declaration of 'swprintf'
  Generating Code...
  libsquirrel.vcxproj -> C:\Users\Xevi\Documents\SQUIRREL3\exs\Debug\libsquirrel.lib
